2020/05/13 15:54:41 Stop sequence initiated...
2020/05/14 01:55:25 Using staging BOT
2020/05/14 02:05:22 Dave Appleton 🤠 DaveAppleton 37262138 /info
2020/05/14 02:05:22 unknown message info_error
2020/05/14 02:05:22 unknown message info_error
2020/05/14 02:10:43 viper changed /Users/daveappleton/Documents/myProjects/gasBot/config.json
2020/05/14 02:10:56 Dave Appleton 🤠 DaveAppleton 37262138 /info
2020/05/14 02:23:16 Stop sequence initiated...
2020/05/14 02:23:36 Using staging BOT
2020/05/14 02:23:50 Dave Appleton 🤠 DaveAppleton 37262138 /info
2020/05/14 02:24:36 viper changed /Users/daveappleton/Documents/myProjects/gasBot/config.json
2020/05/14 02:24:45 Dave Appleton 🤠 DaveAppleton 37262138 /info
2020/05/14 02:25:06 viper changed /Users/daveappleton/Documents/myProjects/gasBot/config.json
2020/05/14 02:25:10 viper changed /Users/daveappleton/Documents/myProjects/gasBot/config.json
2020/05/14 02:25:14 Dave Appleton 🤠 DaveAppleton 37262138 /info
2020/05/14 02:25:30 viper changed /Users/daveappleton/Documents/myProjects/gasBot/config.json
2020/05/14 02:25:34 Dave Appleton 🤠 DaveAppleton 37262138 /info
2020/05/14 02:25:43 viper changed /Users/daveappleton/Documents/myProjects/gasBot/config.json
2020/05/14 02:25:50 viper changed /Users/daveappleton/Documents/myProjects/gasBot/config.json
2020/05/14 02:25:59 turn on info for  37262138 pq: column "show_level" is of type boolean but expression is of type integer
2020/05/14 02:29:46 viper changed /Users/daveappleton/Documents/myProjects/gasBot/config.json
2020/05/14 02:29:51 Stop sequence initiated...
2020/05/14 02:29:55 Using staging BOT
2020/05/14 02:30:17 turn on info for  37262138 pq: column "show_level" is of type boolean but expression is of type integer
2020/05/14 02:30:48 viper changed /Users/daveappleton/Documents/myProjects/gasBot/config.json
2020/05/14 02:30:55 turn on info for  37262138 pq: column "show_level" is of type boolean but expression is of type integer
2020/05/14 02:31:34 viper changed /Users/daveappleton/Documents/myProjects/gasBot/config.json
2020/05/14 02:31:42 turn on info for  37262138 pq: column "show_level" is of type boolean but expression is of type integer
2020/05/14 02:33:02 Stop sequence initiated...
2020/05/14 02:33:06 Using staging BOT
2020/05/14 02:33:14 unknown message info_on
2020/05/14 02:33:14 unknown message info_on
2020/05/14 02:34:57 viper changed /Users/daveappleton/Documents/myProjects/gasBot/config.json
2020/05/14 02:35:11 viper changed /Users/daveappleton/Documents/myProjects/gasBot/config.json
2020/05/14 02:37:37 viper changed /Users/daveappleton/Documents/myProjects/gasBot/config.json
2020/05/14 02:37:50 parameter err : info for  37262138 /info help
2020/05/14 02:41:05 viper changed /Users/daveappleton/Documents/myProjects/gasBot/config.json
2020/05/14 02:41:46 viper changed /Users/daveappleton/Documents/myProjects/gasBot/config.json
2020/05/14 02:42:14 level number  fish
2020/05/14 02:43:09 Dave Appleton 🤠 DaveAppleton 37262138 /level
2020/05/14 02:44:01 viper changed /Users/daveappleton/Documents/myProjects/gasBot/config.json
2020/05/14 02:46:23 viper changed /Users/daveappleton/Documents/myProjects/gasBot/config.json
2020/05/14 02:46:26 Stop sequence initiated...
2020/05/14 02:46:30 Using staging BOT
2020/05/14 02:46:36 Dave Appleton 🤠 DaveAppleton 37262138 /level
2020/05/14 02:46:45 Dave Appleton 🤠 DaveAppleton 37262138 level
2020/05/14 02:46:45 unknown message unrecognised_command
2020/05/14 02:46:45 unknown message unrecognised_command
2020/05/14 02:46:54 level number  fish
2020/05/14 02:47:10 viper changed /Users/daveappleton/Documents/myProjects/gasBot/config.json
2020/05/14 02:48:21 viper changed /Users/daveappleton/Documents/myProjects/gasBot/config.json
2020/05/14 02:48:37 level number  fish
2020/05/14 02:52:34 viper changed /Users/daveappleton/Documents/myProjects/gasBot/config.json
2020/05/14 02:52:40 Dave Appleton 🤠 DaveAppleton 37262138 fish
2020/05/14 02:52:55 Dave Appleton 🤠 DaveAppleton 37262138 /info
2020/05/14 02:53:01 Dave Appleton 🤠 DaveAppleton 37262138 /level
2020/05/14 03:09:53 Stop sequence initiated...
2020/05/14 03:11:22 Using staging BOT
2020/05/14 03:13:57 Stop sequence initiated...
2020/05/14 03:14:01 Using staging BOT
2020/05/14 03:14:09 Dave Appleton 🤠 DaveAppleton 37262138 /info
2020/05/14 03:14:53 Stop sequence initiated...
2020/05/14 03:14:57 Using staging BOT
2020/05/14 03:15:24 Stop sequence initiated...
2020/05/14 03:15:28 Using staging BOT
2020/05/14 03:16:18 viper changed /Users/daveappleton/Documents/myProjects/gasBot/config.json
2020/05/14 03:16:23 Dave Appleton 🤠 DaveAppleton 37262138 fidh
2020/05/14 03:16:54 viper changed /Users/daveappleton/Documents/myProjects/gasBot/config.json
2020/05/14 03:17:08 Dave Appleton 🤠 DaveAppleton 37262138 h
2020/05/14 03:17:24 unknown message you will be alerted once an hour once the gas falls below *42 GWei*
2020/05/14 03:17:24 unknown message you will be alerted once an hour once the gas falls below *42 GWei*
2020/05/14 03:18:42 Using staging BOT
2020/05/14 03:18:58 Using staging BOT
2020/05/14 03:23:38 unknown message you will be alerted once an hour once the gas falls below *13.7 GWei*
2020/05/14 03:23:38 unknown message you will be alerted once an hour once the gas falls below *13.7 GWei*
2020/05/14 03:27:06 Stop sequence initiated...
2020/05/14 03:27:10 Using staging BOT
2020/05/14 03:27:32 Dave Appleton 🤠 DaveAppleton 37262138 /info
2020/05/14 03:30:14 Using staging BOT
2020/05/14 03:30:29 Dave Appleton 🤠 DaveAppleton 37262138 /info
2020/05/14 03:33:37 viper changed /Users/daveappleton/Documents/myProjects/gasBot/config.json
2020/05/14 03:33:52 viper changed /Users/daveappleton/Documents/myProjects/gasBot/config.json
2020/05/14 03:34:04 Dave Appleton 🤠 DaveAppleton 37262138 /info
2020/05/14 03:35:57 Stop sequence initiated...
2020/05/14 03:36:01 Using staging BOT
2020/05/14 03:36:44 viper changed /Users/daveappleton/Documents/myProjects/gasBot/config.json
2020/05/14 03:37:09 viper changed /Users/daveappleton/Documents/myProjects/gasBot/config.json
2020/05/14 03:37:53 viper changed /Users/daveappleton/Documents/myProjects/gasBot/config.json
2020/05/14 03:38:21 viper changed /Users/daveappleton/Documents/myProjects/gasBot/config.json
2020/05/14 03:38:38 viper changed /Users/daveappleton/Documents/myProjects/gasBot/config.json
2020/05/14 03:38:45 Stop sequence initiated...
2020/05/14 06:55:05 Using staging BOT
2020/05/14 06:58:15 Stop sequence initiated...
2020/05/14 06:59:05 Using staging BOT
2020/05/14 07:00:55 Stop sequence initiated...
2020/05/14 07:01:19 Using staging BOT
2020/05/14 07:01:43 Stop sequence initiated...
2020/05/14 07:02:08 Using staging BOT
2020/05/14 07:02:32 Dave Appleton 🤠 DaveAppleton 37262138 hello
2020/05/14 07:03:02 Dave Appleton 🤠 DaveAppleton 37262138 hello
2020/05/14 07:09:27 Stop sequence initiated...
2020/05/14 07:09:51 Using staging BOT
2020/05/14 07:09:55 could not send message to  37262138
2020/05/14 07:11:02 Stop sequence initiated...
2020/05/14 07:11:35 Using staging BOT
2020/05/14 07:11:39 could not send message to  37262138
2020/05/14 07:13:16 Stop sequence initiated...
2020/05/14 07:13:31 Using staging BOT
2020/05/14 07:13:33 could not send message to  37262138
2020/05/14 07:13:57 Stop sequence initiated...
2020/05/14 07:15:31 Using staging BOT
2020/05/14 07:15:33 could not send message to  37262138 Bad Request: can't parse entities: Unsupported start tag "table" at byte offset 0
2020/05/14 07:17:49 Stop sequence initiated...
2020/05/14 07:17:59 Using staging BOT
2020/05/14 07:18:02 could not send message to  37262138 Bad Request: can't parse entities: Unsupported start tag "html" at byte offset 0
2020/05/14 07:19:32 Stop sequence initiated...
2020/05/14 07:19:36 Using staging BOT
2020/05/14 07:19:39 could not send message to  37262138 Bad Request: can't parse entities: Unsupported start tag "html" at byte offset 0
2020/05/14 07:22:10 Stop sequence initiated...
2020/05/14 07:22:25 Using staging BOT
2020/05/14 07:22:28 could not send message to  37262138 Bad Request: can't parse entities: Unsupported start tag "html" at byte offset 0
2020/05/14 07:28:25 Stop sequence initiated...
2020/05/14 07:28:35 Using staging BOT
2020/05/14 07:28:39 <html><head><title>price</title></head><body><table>
	<tr><th>description</th><th>Gas price</th><th>expected wait</th></tr> 
 <tr><td>Fastest </td><td>260 </td><td> 0.5 </td></tr> 
 <tr><td>Fast    </td><td>185 </td><td> 0.5 </td></tr> 
 <tr><td>SafeLow </td><td>150 </td><td> 17 </td></tr> 
 <tr><td>Average </td><td>166 </td><td> 0 </td></tr> 
 </table>
 <p>

gas price bot brought to you by Dave Appleton 
(`@AppletonDave` on twitter)</p>
 </body></html>


2020/05/14 07:28:39 could not send message to  37262138 Bad Request: can't parse entities: Unsupported start tag "html" at byte offset 0
2020/05/14 07:29:59 Stop sequence initiated...
2020/05/14 07:30:10 Using staging BOT
2020/05/14 07:30:13 <!DOCTYPE html>
	<html lang="en"><head><title>price</title></head><body><table>
	<tr><th>description</th><th>Gas price</th><th>expected wait</th></tr> 
 <tr><td>Fastest </td><td>260 </td><td> 0.5 </td></tr> 
 <tr><td>Fast    </td><td>185 </td><td> 0.5 </td></tr> 
 <tr><td>SafeLow </td><td>150 </td><td> 14 </td></tr> 
 <tr><td>Average </td><td>166 </td><td> 0 </td></tr> 
 </table>
 <p>

gas price bot brought to you by Dave Appleton 
(`@AppletonDave` on twitter)</p>
 </body></html>


2020/05/14 07:30:13 could not send message to  37262138 Bad Request: can't parse entities: Unsupported start tag "!doctype" at byte offset 0
2020/05/14 07:37:28 Stop sequence initiated...
2020/05/14 07:38:41 Using staging BOT
2020/05/14 07:39:03 Stop sequence initiated...
2020/05/14 07:42:39 Using staging BOT
2020/05/14 07:43:27 Stop sequence initiated...
2020/05/14 07:43:30 Using staging BOT
2020/05/14 07:45:13 Stop sequence initiated...
2020/05/14 07:45:17 Using staging BOT
2020/05/14 07:46:29 Stop sequence initiated...
2020/05/14 07:47:17 Using staging BOT
2020/05/14 07:47:34 Stop sequence initiated...
2020/05/14 07:48:15 Using staging BOT
2020/05/14 07:48:52 Stop sequence initiated...
2020/05/14 12:29:31 Using staging BOT
2020/05/14 12:31:05 Stop sequence initiated...
2020/06/12 22:53:12 Using staging BOT
2020/06/12 22:53:15 Messageloop started
2020/06/12 22:53:15 gasloop started
2020/06/12 22:55:48 Stop sequence initiated...
2020/06/12 22:55:52 Using staging BOT
2020/06/12 22:55:53 gasloop started
2020/06/12 22:55:53 Messageloop started
2020/06/13 01:11:28 Stop sequence initiated...
2020/06/20 09:08:45 Using staging BOT
2020/06/20 09:08:46 Messageloop started
2020/06/20 09:08:46 gasloop started
2020/06/20 09:11:04 Stop sequence initiated...
2020/06/20 09:12:21 Using staging BOT
2020/06/20 09:12:23 gasloop started
2020/06/20 09:12:23 Messageloop started
2020/06/20 09:13:11 Dave Appleton 🤠 DaveAppleton 37262138 
2020/06/20 09:13:36 Stop sequence initiated...
2020/06/20 09:21:22 Using staging BOT
2020/06/20 09:21:23 gasloop started
2020/06/20 09:21:23 Messageloop started
2020/06/20 09:24:20 Stop sequence initiated...
2020/08/16 04:20:28 Using staging BOT
2020/08/16 04:20:31 Messageloop started
2020/08/16 04:20:31 gasloop started
2020/08/16 04:20:32 error saving data dial tcp [::1]:5432: connect: connection refused
2020/08/16 04:20:32 error getting Users dial tcp [::1]:5432: connect: connection refused
2020/08/16 04:20:32 error getting Users dial tcp [::1]:5432: connect: connection refused
2020/08/16 04:20:32 All usersBelowVersion dial tcp [::1]:5432: connect: connection refused
2020/08/16 04:20:38 Stop sequence initiated...
2020/08/16 04:24:26 Using staging BOT
2020/08/16 04:24:27 Messageloop started
2020/08/16 04:24:27 gasloop started
2020/08/16 04:24:28 error saving data dial tcp [::1]:5432: connect: connection refused
2020/08/16 04:24:28 error getting Users dial tcp [::1]:5432: connect: connection refused
2020/08/16 04:24:28 error getting Users dial tcp [::1]:5432: connect: connection refused
2020/08/16 04:24:28 All usersBelowVersion dial tcp [::1]:5432: connect: connection refused
2020/08/16 04:26:55 Stop sequence initiated...
2020/08/16 04:27:27 Using staging BOT
2020/08/16 04:27:29 gasloop started
2020/08/16 04:27:29 Messageloop started
2020/08/16 04:27:30 error saving data dial tcp [::1]:5432: connect: connection refused
2020/08/16 04:27:30 error getting Users dial tcp [::1]:5432: connect: connection refused
2020/08/16 04:27:30 error getting Users dial tcp [::1]:5432: connect: connection refused
2020/08/16 04:27:30 All usersBelowVersion dial tcp [::1]:5432: connect: connection refused
2020/08/16 04:28:55 Stop sequence initiated...
2020/08/16 04:31:46 Using staging BOT
2020/08/16 04:31:47 gasloop started
2020/08/16 04:31:47 Messageloop started
2020/08/16 04:31:48 error saving data dial tcp [::1]:5432: connect: connection refused
2020/08/16 04:31:48 error getting Users dial tcp [::1]:5432: connect: connection refused
2020/08/16 04:31:48 error getting Users dial tcp [::1]:5432: connect: connection refused
2020/08/16 04:31:48 All usersBelowVersion dial tcp [::1]:5432: connect: connection refused
2020/08/16 04:32:44 Stop sequence initiated...
2020/08/16 04:33:24 Using staging BOT
2020/08/16 04:33:25 Messageloop started
2020/08/16 04:33:25 gasloop started
2020/08/16 04:33:25 error saving data dial tcp [::1]:5432: connect: connection refused
2020/08/16 04:33:25 error getting Users dial tcp [::1]:5432: connect: connection refused
2020/08/16 04:33:25 error getting Users dial tcp [::1]:5432: connect: connection refused
2020/08/16 04:33:25 All usersBelowVersion dial tcp [::1]:5432: connect: connection refused
2020/08/16 04:34:21 Stop sequence initiated...
2020/08/16 04:34:25 Using staging BOT
2020/08/16 04:34:26 Messageloop started
2020/08/16 04:34:26 gasloop started
2020/08/16 04:34:27 error saving data dial tcp [::1]:5432: connect: connection refused
2020/08/16 04:34:27 error getting Users dial tcp [::1]:5432: connect: connection refused
2020/08/16 04:34:27 error getting Users dial tcp [::1]:5432: connect: connection refused
2020/08/16 04:34:27 All usersBelowVersion dial tcp [::1]:5432: connect: connection refused
2020/08/16 04:34:38 Stop sequence initiated...
2020/08/16 04:35:48 Using staging BOT
2020/08/16 04:35:49 gasloop started
2020/08/16 04:35:49 Messageloop started
2020/08/16 04:35:50 error saving data dial tcp [::1]:5432: connect: connection refused
2020/08/16 04:35:50 error getting Users dial tcp [::1]:5432: connect: connection refused
2020/08/16 04:35:50 error getting Users dial tcp [::1]:5432: connect: connection refused
2020/08/16 04:35:50 All usersBelowVersion dial tcp [::1]:5432: connect: connection refused
2020/08/16 04:36:00 Dave Appleton 🤠 DaveAppleton 37262138 dial tcp [::1]:5432: connect: connection refused
2020/08/16 04:36:00 unknown message start_error
2020/08/16 04:36:23 Stop sequence initiated...
2020/08/16 04:39:48 Using staging BOT
2020/08/16 04:39:49 Messageloop started
2020/08/16 04:39:49 gasloop started
2020/08/16 04:39:50 error saving data dial tcp [::1]:5432: connect: connection refused
2020/08/16 04:39:50 error getting Users dial tcp [::1]:5432: connect: connection refused
2020/08/16 04:39:50 error getting Users dial tcp [::1]:5432: connect: connection refused
2020/08/16 04:39:50 All usersBelowVersion dial tcp [::1]:5432: connect: connection refused
2020/08/16 04:40:04 Stop sequence initiated...
2020/08/16 04:40:22 Using staging BOT
2020/08/16 04:40:23 gasloop started
2020/08/16 04:40:23 Messageloop started
2020/08/16 04:40:24 error saving data dial tcp [::1]:5432: connect: connection refused
2020/08/16 04:40:24 error getting Users dial tcp [::1]:5432: connect: connection refused
2020/08/16 04:40:24 error getting Users dial tcp [::1]:5432: connect: connection refused
2020/08/16 04:40:24 All usersBelowVersion dial tcp [::1]:5432: connect: connection refused
2020/08/16 04:40:39 Dave Appleton 🤠 DaveAppleton 37262138 dial tcp [::1]:5432: connect: connection refused
2020/08/16 04:40:39 unknown message start_error
2020/08/16 04:41:00 Dave Appleton 🤠 DaveAppleton 37262138 dial tcp [::1]:5432: connect: connection refused
2020/08/16 04:41:00 unknown message start_error
2020/08/16 04:41:00 dial tcp [::1]:5432: connect: connection refused
2020/08/16 04:41:00 daily chart  dial tcp [::1]:5432: connect: connection refused
2020/08/16 04:42:01 Using staging BOT
2020/08/16 04:42:03 Messageloop started
2020/08/16 04:42:03 gasloop started
2020/08/16 04:42:04 error saving data dial tcp [::1]:5432: connect: connection refused
2020/08/16 04:42:04 error getting Users dial tcp [::1]:5432: connect: connection refused
2020/08/16 04:42:04 error getting Users dial tcp [::1]:5432: connect: connection refused
2020/08/16 04:42:04 All usersBelowVersion dial tcp [::1]:5432: connect: connection refused
2020/08/16 04:42:16 Dave Appleton 🤠 DaveAppleton 37262138 dial tcp [::1]:5432: connect: connection refused
2020/08/16 04:42:16 unknown message start_error
2020/08/16 04:42:28 Dave Appleton 🤠 DaveAppleton 37262138 dial tcp [::1]:5432: connect: connection refused
2020/08/16 04:42:28 unknown message start_error
2020/08/16 04:42:28 Dave Appleton 🤠 DaveAppleton 37262138 /help
2020/08/16 04:42:40 Dave Appleton 🤠 DaveAppleton 37262138 dial tcp [::1]:5432: connect: connection refused
2020/08/16 04:42:40 unknown message start_error
2020/08/16 04:42:40 Dave Appleton 🤠 DaveAppleton 37262138 /info
2020/08/16 04:43:14 Dave Appleton 🤠 DaveAppleton 37262138 dial tcp [::1]:5432: connect: connection refused
2020/08/16 04:43:14 unknown message start_error
2020/08/16 04:44:55 Using staging BOT
2020/08/16 04:44:57 gasloop started
2020/08/16 04:44:57 Messageloop started
2020/08/16 04:44:58 *Gas prices*

```
Tx Speed Gas needed  expected wait
--------+-----------+-------------
Fastest     95 GWei   0.6
Fast        92 GWei   0.6
Safelow     80 GWei   3.7
Average     82 GWei   0
```


gas price bot brought to you by Dave Appleton 
(`@AppletonDave` on twitter)
data source is @ETHGasStation and @sparkpool_eth
gastrackerbot.eth

2020/08/16 04:44:58 could not send message to  37262138 Bad Request: can't parse entities: Can't find end of the entity starting at byte offset 316
2020/08/16 04:44:58 could not send Whatsnew to  37262138 Bad Request: can't parse entities: Can't find end of the entity starting at byte offset 52
2020/08/16 04:46:41 viper changed /Users/daveappleton/Documents/myProjects/gasBot/config.json
2020/08/16 04:46:46 Stop sequence initiated...
2020/08/16 04:46:50 Using staging BOT
2020/08/16 04:46:51 gasloop started
2020/08/16 04:46:51 Messageloop started
2020/08/16 04:46:53 *Gas prices*

```
Tx Speed Gas needed  expected wait
--------+-----------+-------------
Fastest     95 GWei   0.5
Fast        92 GWei   0.5
Safelow     79 GWei   22.1
Average     80 GWei   0
```


gas price bot brought to you by Dave Appleton 
(`@AppletonDave` on twitter)
data source is @ETHGasStation and @sparkpool_eth
gastrackerbot.eth

2020/08/16 04:46:53 could not send message to  37262138 Bad Request: can't parse entities: Can't find end of the entity starting at byte offset 317
2020/08/16 04:46:53 could not send Whatsnew to  37262138 Bad Request: can't parse entities: Can't find end of the entity starting at byte offset 52
2020/08/16 04:47:51 Dave Appleton 🤠 DaveAppleton 37262138 /info
2020/08/16 04:47:56 Dave Appleton 🤠 DaveAppleton 37262138 /info
2020/08/16 04:48:39 Stop sequence initiated...
2020/08/16 04:48:44 Using staging BOT
2020/08/16 04:48:45 gasloop started
2020/08/16 04:48:45 Messageloop started
2020/08/16 04:48:47 *Gas prices*

```
Tx Speed Gas needed  expected wait
--------+-----------+-------------
Fastest     95 GWei   0.4
Fast        91 GWei   0.4
Safelow     79 GWei   11.1
Average     80 GWei   0
```


gas price bot brought to you by Dave Appleton 
(`@AppletonDave` on twitter)
data source is @ETHGasStation and @sparkpool_eth
gastrackerbot.eth

2020/08/16 04:48:47 could not send message to  37262138 Bad Request: can't parse entities: Can't find end of the entity starting at byte offset 317
2020/08/16 04:48:47 could not send Whatsnew to  37262138 Bad Request: can't parse entities: Can't find end of the entity starting at byte offset 52
2020/08/16 04:49:56 Stop sequence initiated...
2020/08/16 04:49:59 Using staging BOT
2020/08/16 04:50:01 gasloop started
2020/08/16 04:50:01 Messageloop started
2020/08/16 04:50:03 *Gas prices*

```
Tx Speed Gas needed  expected wait
--------+-----------+-------------
Fastest     95 GWei   0.5
Fast        92 GWei   0.5
Safelow     79 GWei   14.3
Average     80 GWei   0
```


gas price bot brought to you by Dave Appleton 
(`@AppletonDave` on twitter)
data source is @ETHGasStation and @sparkpool_eth
gastrackerbot.eth

2020/08/16 04:50:03 could not send message to  37262138 Bad Request: can't parse entities: Can't find end of the entity starting at byte offset 317
2020/08/16 04:50:03 could not send Whatsnew to  37262138 Bad Request: can't parse entities: Can't find end of the entity starting at byte offset 52
2020/08/16 04:50:49 Stop sequence initiated...
2020/08/16 04:50:53 Using staging BOT
2020/08/16 04:50:55 gasloop started
2020/08/16 04:50:55 Messageloop started
2020/08/16 04:50:56 *Gas prices*

```
Tx Speed Gas needed  expected wait
--------+-----------+-------------
Fastest     95 GWei   0.6
Fast        92 GWei   0.6
Safelow     79 GWei   19.1
Average     80 GWei   0
```


gas price bot brought to you by Dave Appleton 
(`@AppletonDave` on twitter)
data source is @ETHGasStation and @sparkpool_eth
gastrackerbot.eth

2020/08/16 04:50:56 could not send message to  37262138 Bad Request: can't parse entities: Can't find end of the entity starting at byte offset 317
2020/08/16 04:50:57 could not send Whatsnew to  37262138 Bad Request: can't parse entities: Can't find end of the entity starting at byte offset 52
2020/08/16 04:54:56 Stop sequence initiated...
2020/08/16 04:57:28 Using staging BOT
2020/08/16 04:57:29 gasloop started
2020/08/16 04:57:29 Messageloop started
2020/08/16 04:57:31 *Gas prices*

```
Tx Speed Gas needed  expected wait
--------+-----------+-------------
Fastest     95 GWei   0.4
Fast        90 GWei   0.4
Safelow     79 GWei   9.8
Average     80 GWei   0
```


gas price bot brought to you by Dave Appleton 
(`@AppletonDave` on twitter)
data source is @ETHGasStation and @sparkpool_eth
gastrackerbot.eth

2020/08/16 04:57:31 could not send message to  37262138 Bad Request: can't parse entities: Can't find end of the entity starting at byte offset 316
2020/08/16 04:57:31 could not send Whatsnew to  37262138 Bad Request: can't parse entities: Can't find end of the entity starting at byte offset 52
2020/08/16 05:02:29 Stop sequence initiated...
2020/08/16 05:02:33 Using staging BOT
2020/08/16 05:02:34 gasloop started
2020/08/16 05:02:34 Messageloop started
2020/08/16 05:02:37 *Gas prices*

```
Tx Speed Gas needed  expected wait
--------+-----------+-------------
Fastest     95 GWei   0.4
Fast        88 GWei   0.4
Safelow     79 GWei   7.6
Average     80 GWei   0
```


gas price bot brought to you by Dave Appleton 
(`@AppletonDave` on twitter)
data source is @ETHGasStation and @sparkpool_eth
gastrackerbot.eth

2020/08/16 05:02:37 could not send message to  37262138 Bad Request: can't parse entities: Can't find end of the entity starting at byte offset 316
2020/08/16 05:02:37 could not send Whatsnew to  37262138 Bad Request: can't parse entities: Can't find end of the entity starting at byte offset 52
2020/08/16 05:04:29 Stop sequence initiated...
2020/08/16 05:04:33 Using staging BOT
2020/08/16 05:04:34 gasloop started
2020/08/16 05:04:34 Messageloop started
2020/08/16 05:04:36 *Gas prices*

```
Tx Speed Gas needed  expected wait
--------+-----------+-------------
Fastest     95 GWei   0.5
Fast        91 GWei   0.5
Safelow     79 GWei   16.5
Average     80 GWei   0
```


gas price bot brought to you by Dave Appleton 
(`@AppletonDave` on twitter)
data source is @ETHGasStation and @sparkpool_eth
gastrackerbot.eth

2020/08/16 05:04:36 could not send message to  37262138 Bad Request: can't parse entities: Can't find end of the entity starting at byte offset 317
2020/08/16 05:04:36 could not send Whatsnew to  37262138 Bad Request: can't parse entities: Can't find end of the entity starting at byte offset 52
2020/08/16 05:05:25 Stop sequence initiated...
2020/08/16 05:05:29 Using staging BOT
2020/08/16 05:05:30 gasloop started
2020/08/16 05:05:30 Messageloop started
2020/08/16 05:05:32 *Gas prices*

```
Tx Speed Gas needed  expected wait
--------+-----------+-------------
Fastest     95 GWei   0.4
Fast        90 GWei   0.4
Safelow     79 GWei   10
Average     80 GWei   0
```


gas price bot brought to you by Dave Appleton 
(`@AppletonDave` on twitter)
data source is @ETHGasStation and @sparkpool_eth
gastrackerbot.eth

2020/08/16 05:05:32 could not send message to  37262138 Bad Request: can't parse entities: Can't find end of the entity starting at byte offset 315
2020/08/16 05:05:32 could not send Whatsnew to  37262138 Bad Request: can't parse entities: Can't find end of the entity starting at byte offset 52
2020/08/16 05:07:54 viper changed /Users/daveappleton/Documents/myProjects/gasBot/config.json
2020/08/16 05:09:18 viper changed /Users/daveappleton/Documents/myProjects/gasBot/config.json
2020/08/16 05:11:58 Stop sequence initiated...
2020/08/16 05:12:02 Using staging BOT
2020/08/16 05:12:03 Messageloop started
2020/08/16 05:12:03 gasloop started
2020/08/16 05:12:06 could not send Whatsnew to  37262138 Bad Request: can't parse entities: Can't find end of the entity starting at byte offset 52
2020/08/16 05:13:08 Stop sequence initiated...
2020/08/16 05:13:22 Using staging BOT
2020/08/16 05:13:24 gasloop started
2020/08/16 05:13:24 Messageloop started
2020/08/16 05:13:27 could not send Whatsnew to  37262138 Bad Request: can't parse entities: Can't find end of the entity starting at byte offset 52
2020/08/16 05:14:28 Stop sequence initiated...
2020/08/16 05:15:02 Using staging BOT
2020/08/16 05:15:03 gasloop started
2020/08/16 05:15:03 Messageloop started
2020/08/16 05:16:25 viper changed /Users/daveappleton/Documents/myProjects/gasBot/config.json
2020/08/16 05:17:10 Stop sequence initiated...
2020/08/16 05:17:14 Using staging BOT
2020/08/16 05:17:15 gasloop started
2020/08/16 05:17:15 Messageloop started
2020/08/16 05:17:48 Stop sequence initiated...
2020/08/17 08:20:39 Using staging BOT
2020/08/17 08:20:40 gasloop started
2020/08/17 08:20:40 Messageloop started
2020/08/17 08:21:10 Get "https://www.gasnow.org/api/v1/gas/price": dial tcp 8.210.35.133:443: i/o timeout
2020/08/17 08:23:05 Stop sequence initiated...
2020/08/17 08:23:35 Using staging BOT
2020/08/17 08:23:36 gasloop started
2020/08/17 08:23:36 Messageloop started
2020/08/17 08:26:48 Stop sequence initiated...
2020/08/17 08:26:52 Using staging BOT
2020/08/17 08:26:53 Messageloop started
2020/08/17 08:26:53 gasloop started
2020/08/17 08:27:23 Get "https://www.gasnow.org/api/v1/gas/price": dial tcp 8.210.35.133:443: i/o timeout
2020/08/17 08:27:37 Stop sequence initiated...
2020/08/17 08:27:41 Using staging BOT
2020/08/17 08:27:42 gasloop started
2020/08/17 08:27:42 Messageloop started
2020/08/17 08:30:50 viper changed /Users/daveappleton/Documents/myProjects/gasBot/config.json
2020/08/17 08:31:25 viper changed /Users/daveappleton/Documents/myProjects/gasBot/config.json
2020/08/17 08:31:27 viper changed /Users/daveappleton/Documents/myProjects/gasBot/config.json
2020/08/17 08:31:30 viper changed /Users/daveappleton/Documents/myProjects/gasBot/config.json
2020/08/17 08:31:36 viper changed /Users/daveappleton/Documents/myProjects/gasBot/config.json
2020/08/17 08:31:42 Stop sequence initiated...
2020/08/17 08:32:33 Using staging BOT
2020/08/17 08:32:34 gasloop started
2020/08/17 08:32:34 Messageloop started
2020/08/17 08:33:24 Stop sequence initiated...
2020/08/17 08:38:58 Using staging BOT
2020/08/17 08:38:59 gasloop started
2020/08/17 08:39:03 Messageloop started
2020/08/17 08:39:29 Get "https://www.gasnow.org/api/v1/gas/price": dial tcp 8.210.35.133:443: i/o timeout
2020/08/17 08:39:46 Stop sequence initiated...
2020/08/22 05:26:13 Using staging BOT
2020/08/22 05:26:16 gasloop started
2020/08/22 05:26:17 Get "https://www.gasnow.org/api/v1/gas/price": x509: certificate signed by unknown authority
2020/08/22 05:26:17 error saving data dial tcp [::1]:5432: connect: connection refused
2020/08/22 05:26:17 error getting Users dial tcp [::1]:5432: connect: connection refused
2020/08/22 05:26:17 error getting Users dial tcp [::1]:5432: connect: connection refused
2020/08/22 05:26:17 All usersBelowVersion dial tcp [::1]:5432: connect: connection refused
2020/08/22 05:26:24 Messageloop started
2020/08/22 05:26:45 Dave Appleton 🤠 DaveAppleton 37262138 dial tcp [::1]:5432: connect: connection refused
2020/08/22 05:27:55 Stop sequence initiated...
2020/08/22 05:27:59 Using staging BOT
2020/08/22 05:28:00 gasloop started
2020/08/22 05:28:01 error saving data dial tcp [::1]:5432: connect: connection refused
2020/08/22 05:28:01 error getting Users dial tcp [::1]:5432: connect: connection refused
2020/08/22 05:28:01 error getting Users dial tcp [::1]:5432: connect: connection refused
2020/08/22 05:28:01 All usersBelowVersion dial tcp [::1]:5432: connect: connection refused
2020/08/22 05:28:06 Messageloop started
2020/08/22 05:28:13 Dave Appleton 🤠 DaveAppleton 37262138 dial tcp [::1]:5432: connect: connection refused
2020/08/22 05:28:22 Stop sequence initiated...
2020/08/22 05:28:34 Using staging BOT
2020/08/22 05:28:35 gasloop started
2020/08/22 05:28:35 error saving data dial tcp [::1]:5432: connect: connection refused
2020/08/22 05:28:35 error getting Users dial tcp [::1]:5432: connect: connection refused
2020/08/22 05:28:35 error getting Users dial tcp [::1]:5432: connect: connection refused
2020/08/22 05:28:35 All usersBelowVersion dial tcp [::1]:5432: connect: connection refused
2020/08/22 05:28:39 Messageloop started
2020/08/22 05:28:40 Dave Appleton 🤠 DaveAppleton 37262138 dial tcp [::1]:5432: connect: connection refused
2020/08/22 05:28:40 Dave Appleton 🤠 DaveAppleton 37262138 /start
2020/08/22 05:34:01 viper changed /Users/daveappleton/Documents/myProjects/gasBot/config.json
2020/08/22 05:34:58 viper changed /Users/daveappleton/Documents/myProjects/gasBot/config.json
2020/08/22 05:35:12 Dave Appleton 🤠 DaveAppleton 37262138 dial tcp [::1]:5432: connect: connection refused
2020/08/22 05:35:12 Dave Appleton 🤠 DaveAppleton 37262138 /start
2020/08/22 05:36:49 viper changed /Users/daveappleton/Documents/myProjects/gasBot/config.json
2020/08/22 05:39:43 Stop sequence initiated...
2020/08/22 05:39:47 Using staging BOT
2020/08/22 05:39:49 gasloop started
2020/08/22 05:39:49 error saving data dial tcp [::1]:5432: connect: connection refused
2020/08/22 05:39:49 error getting Users dial tcp [::1]:5432: connect: connection refused
2020/08/22 05:39:49 error getting Users dial tcp [::1]:5432: connect: connection refused
2020/08/22 05:39:49 All usersBelowVersion dial tcp [::1]:5432: connect: connection refused
2020/08/22 05:39:53 Messageloop started
2020/08/22 05:39:59 Dave Appleton 🤠 DaveAppleton 37262138 dial tcp [::1]:5432: connect: connection refused
2020/08/22 05:41:51 Stop sequence initiated...
2020/08/22 05:41:55 Using staging BOT
2020/08/22 05:41:56 gasloop started
2020/08/22 05:42:08 Messageloop started
2020/08/22 05:42:31 Dave Appleton 🤠 DaveAppleton 37262138 /xyzzy
2020/08/22 05:42:44 Dave Appleton 🤠 DaveAppleton 37262138 /info
2020/08/22 05:45:19 viper changed /Users/daveappleton/Documents/myProjects/gasBot/config.json
2020/08/22 05:45:31 Dave Appleton 🤠 DaveAppleton 37262138 /info
2020/08/22 05:46:00 viper changed /Users/daveappleton/Documents/myProjects/gasBot/config.json
2020/08/22 05:46:03 Dave Appleton 🤠 DaveAppleton 37262138 /info
2020/08/22 05:46:30 viper changed /Users/daveappleton/Documents/myProjects/gasBot/config.json
2020/08/22 05:46:44 viper changed /Users/daveappleton/Documents/myProjects/gasBot/config.json
2020/08/22 05:46:46 Dave Appleton 🤠 DaveAppleton 37262138 /info
2020/08/22 05:47:18 Stop sequence initiated...
2020/08/22 05:47:22 Using staging BOT
2020/08/22 05:47:23 gasloop started
2020/08/22 05:47:29 Messageloop started
2020/08/22 05:47:29 Dave Appleton 🤠 DaveAppleton 37262138 /info
2020/08/22 05:47:54 viper changed /Users/daveappleton/Documents/myProjects/gasBot/config.json
2020/08/22 05:48:12 Stop sequence initiated...
2020/08/30 22:35:17 Using staging BOT
2020/08/30 22:35:18 gasloop started
2020/08/30 22:35:21 error saving data dial tcp [::1]:5432: connect: connection refused
2020/08/30 22:35:21 error getting Users dial tcp [::1]:5432: connect: connection refused
2020/08/30 22:35:21 error getting Users dial tcp [::1]:5432: connect: connection refused
2020/08/30 22:35:21 All usersBelowVersion dial tcp [::1]:5432: connect: connection refused
2020/08/30 22:35:38 Messageloop started
2020/08/30 22:36:00 Dave Appleton 🤠 DaveAppleton 37262138 dial tcp [::1]:5432: connect: connection refused
2020/08/30 22:38:01 Stop sequence initiated...
2020/08/30 22:38:16 Using staging BOT
2020/08/30 22:38:17 gasloop started
2020/08/30 22:38:25 error saving data dial tcp [::1]:5432: connect: connection refused
2020/08/30 22:38:25 error getting Users dial tcp [::1]:5432: connect: connection refused
2020/08/30 22:38:25 error getting Users dial tcp [::1]:5432: connect: connection refused
2020/08/30 22:38:25 All usersBelowVersion dial tcp [::1]:5432: connect: connection refused
2020/08/30 22:38:37 Messageloop started
2020/08/30 22:38:41 Stop sequence initiated...
2020/08/30 22:38:53 Using staging BOT
2020/08/30 22:38:54 gasloop started
2020/08/30 22:38:58 error saving data dial tcp [::1]:5432: connect: connection refused
2020/08/30 22:38:58 error getting Users dial tcp [::1]:5432: connect: connection refused
2020/08/30 22:38:58 error getting Users dial tcp [::1]:5432: connect: connection refused
2020/08/30 22:38:58 All usersBelowVersion dial tcp [::1]:5432: connect: connection refused
2020/08/30 22:39:14 Messageloop started
2020/08/30 22:39:28 Stop sequence initiated...
2020/08/30 22:39:56 Using staging BOT
2020/08/30 22:39:57 gasloop started
2020/08/30 22:40:03 error saving data dial tcp [::1]:5432: connect: connection refused
2020/08/30 22:40:03 error getting Users dial tcp [::1]:5432: connect: connection refused
2020/08/30 22:40:03 error getting Users dial tcp [::1]:5432: connect: connection refused
2020/08/30 22:40:03 All usersBelowVersion dial tcp [::1]:5432: connect: connection refused
2020/08/30 22:40:37 Messageloop started
2020/08/30 22:41:52 viper changed /Users/daveappleton/Documents/myProjects/gasBot/config.json
2020/08/30 22:41:55 Stop sequence initiated...
2020/08/30 22:41:59 Using staging BOT
2020/08/30 22:42:00 gasloop started
2020/08/30 22:42:03 error saving data dial tcp [::1]:5432: connect: connection refused
2020/08/30 22:42:03 error getting Users dial tcp [::1]:5432: connect: connection refused
2020/08/30 22:42:03 error getting Users dial tcp [::1]:5432: connect: connection refused
2020/08/30 22:42:03 All usersBelowVersion dial tcp [::1]:5432: connect: connection refused
2020/08/30 22:42:36 Stop sequence initiated...
2020/08/30 22:42:55 Using staging BOT
2020/08/30 22:42:55 gasloop started
2020/08/30 22:42:58 could not send gas info message to  37262138 Bad Request: can't parse entities: Unsupported start tag "!doctype" at byte offset 0
2020/08/30 22:42:58 could not send Whatsnew to  37262138 Bad Request: can't parse entities: Unsupported start tag "!doctype" at byte offset 0
2020/08/30 22:43:55 Messageloop started
2020/08/30 23:47:29 could not send gas info message to  37262138 Bad Request: can't parse entities: Unsupported start tag "!doctype" at byte offset 0
2020/08/30 23:47:30 could not send Whatsnew to  37262138 Bad Request: can't parse entities: Unsupported start tag "!doctype" at byte offset 0
2020/08/31 00:16:34 Stop sequence initiated...
2020/08/31 00:21:40 Using staging BOT
2020/08/31 00:21:41 gasloop started
2020/08/31 00:21:42 id or vsCurrency not existed
2020/08/31 00:21:42 id or vsCurrency not existed
2020/08/31 00:21:42 Messageloop started
2020/08/31 00:21:45 could not send gas info message to  37262138 Bad Request: can't parse entities: Unsupported start tag "!doctype" at byte offset 0
2020/08/31 00:21:45 could not send Whatsnew to  37262138 Bad Request: can't parse entities: Unsupported start tag "!doctype" at byte offset 0
2020/08/31 00:22:46 Stop sequence initiated...
2020/08/31 00:33:54 Using staging BOT
2020/08/31 00:33:55 gasloop started
2020/08/31 00:33:56 id or vsCurrency not existed
2020/08/31 00:33:56 id or vsCurrency not existed
2020/08/31 00:33:56 Messageloop started
2020/08/31 00:33:59 could not send gas info message to  37262138 Bad Request: can't parse entities: Unsupported start tag "!doctype" at byte offset 0
2020/08/31 00:33:59 could not send Whatsnew to  37262138 Bad Request: can't parse entities: Unsupported start tag "!doctype" at byte offset 0
2020/08/31 00:34:40 Stop sequence initiated...
2020/08/31 00:34:43 Using staging BOT
2020/08/31 00:34:44 gasloop started
2020/08/31 00:34:44 id or vsCurrency not existed
2020/08/31 00:34:45 Messageloop started
2020/08/31 00:34:54 could not send gas info message to  37262138 Bad Request: can't parse entities: Unsupported start tag "!doctype" at byte offset 0
2020/08/31 00:34:54 could not send Whatsnew to  37262138 Bad Request: can't parse entities: Unsupported start tag "!doctype" at byte offset 0
2020/08/31 00:35:35 Stop sequence initiated...
2020/08/31 00:35:38 Using staging BOT
2020/08/31 00:35:39 gasloop started
2020/08/31 00:35:40 Messageloop started
2020/08/31 00:35:42 could not send gas info message to  37262138 Bad Request: can't parse entities: Unsupported start tag "!doctype" at byte offset 0
2020/08/31 00:35:43 could not send Whatsnew to  37262138 Bad Request: can't parse entities: Unsupported start tag "!doctype" at byte offset 0
2020/08/31 00:37:19 Stop sequence initiated...
2020/08/31 00:37:22 Using staging BOT
2020/08/31 00:37:24 gasloop started
2020/08/31 00:37:25 Messageloop started
2020/08/31 00:37:27 could not send gas info message to  37262138 Bad Request: can't parse entities: Unsupported start tag "!doctype" at byte offset 0
2020/08/31 00:37:27 could not send Whatsnew to  37262138 Bad Request: can't parse entities: Unsupported start tag "!doctype" at byte offset 0
2020/08/31 00:38:53 Stop sequence initiated...
2020/08/31 00:38:57 Using staging BOT
2020/08/31 00:38:58 gasloop started
2020/08/31 00:38:59 Messageloop started
2020/08/31 00:39:02 could not send gas info message to  37262138 Bad Request: can't parse entities: Unsupported start tag "html" at byte offset 0
2020/08/31 00:39:02 could not send Whatsnew to  37262138 Bad Request: can't parse entities: Unsupported start tag "html" at byte offset 0
2020/08/31 01:27:35 viper changed /Users/daveappleton/Documents/myProjects/gasBot/config.json
2020/08/31 01:30:21 Stop sequence initiated...
2020/08/31 01:30:25 Using staging BOT
2020/08/31 01:30:25 gasloop started
2020/08/31 01:30:27 Messageloop started
2020/08/31 01:30:29 could not send Whatsnew to  37262138 Bad Request: can't parse entities: Unsupported start tag "html" at byte offset 0
2020/08/31 01:32:30 Stop sequence initiated...
2020/08/31 01:34:11 Using staging BOT
2020/08/31 01:34:13 gasloop started
2020/08/31 01:34:14 Messageloop started
2020/08/31 01:34:16 could not send gas info message to  37262138 Bad Request: can't parse entities: Character '.' is reserved and must be escaped with the preceding '\'
2020/08/31 01:34:17 could not send Whatsnew to  37262138 Bad Request: can't parse entities: Unsupported start tag "html" at byte offset 0
2020/08/31 06:43:08 id or vsCurrency not existed
2020/08/31 06:43:08 id or vsCurrency not existed
2020/08/31 06:44:17 Stop sequence initiated...
2020/08/31 06:44:21 Using staging BOT
2020/08/31 06:44:22 gasloop started
2020/08/31 06:44:24 Messageloop started
2020/08/31 06:44:26 could not send gas info message to  37262138 Bad Request: can't parse entities: Character '.' is reserved and must be escaped with the preceding '\'
2020/08/31 06:44:26 could not send Whatsnew to  37262138 Bad Request: can't parse entities: Unsupported start tag "html" at byte offset 0
2020/08/31 07:45:47 could not send gas info message to  37262138 Bad Request: can't parse entities: Character '.' is reserved and must be escaped with the preceding '\'
2020/08/31 07:45:47 could not send Whatsnew to  37262138 Bad Request: can't parse entities: Unsupported start tag "html" at byte offset 0
2020/08/31 08:07:04 Stop sequence initiated...
2020/08/31 08:07:10 Using staging BOT
2020/08/31 08:07:11 gasloop started
2020/08/31 08:07:12 Messageloop started
2020/08/31 08:07:18 could not send gas info message to  37262138 Bad Request: can't parse entities: Character '.' is reserved and must be escaped with the preceding '\'
2020/08/31 08:07:19 could not send Whatsnew to  37262138 Bad Request: can't parse entities: Unsupported start tag "html" at byte offset 0
2020/08/31 08:09:51 Stop sequence initiated...
2020/08/31 08:09:56 Using staging BOT
2020/08/31 08:09:57 gasloop started
2020/08/31 08:09:58 Messageloop started
2020/08/31 08:10:00 could not send gas info message to  37262138 Bad Request: can't parse entities: Character '.' is reserved and must be escaped with the preceding '\'
2020/08/31 08:10:00 
🎩 Gas Tracker Bot 0.80 🎩
``` 
         ETHGasStation
--------+--------------
Fastest | 143.00
Medium  | 121.00
SafeLow | 120.00
--------+--------------
         Sparkpool
--------+--------------
Fastest | 132.00
Medium  | 121.00
SafeLow | 120.00
--------+--------------
         Etherscan
--------+--------------
Fastest | 222.00
Medium  | 202.00
SafeLow | 135.00

```



Thanks for using [Gas Price Tracker](https://twitter.com/GasRacker)
data source is `@ETHGasStation` and `@sparkpool_eth`

help fund server / dev : `gastrackerbot.eth`
2020/08/31 08:10:01 could not send Whatsnew to  37262138 Bad Request: can't parse entities: Unsupported start tag "html" at byte offset 0
2020/08/31 08:15:19 Stop sequence initiated...
2020/08/31 08:15:23 Using staging BOT
2020/08/31 08:15:24 gasloop started
2020/08/31 08:15:25 Messageloop started
2020/08/31 08:15:29 could not send Whatsnew to  37262138 Bad Request: can't parse entities: Unsupported start tag "html" at byte offset 0
2020/08/31 08:33:07 Stop sequence initiated...
2020/08/31 08:33:11 Using staging BOT
2020/08/31 08:33:12 gasloop started
2020/08/31 08:33:13 Messageloop started
2020/08/31 08:33:28 could not send gas info message to  37262138 Bad Request: can't parse entities: Can't find end of Bold entity at byte offset 657
2020/08/31 08:33:28 
🎩 Gas Tracker Bot 0\.80 🎩
``` 
         ETHGasStation
--------+--------------
Fastest | 134.00
Medium  | 122.00
SafeLow | 120.00
--------+--------------
         Sparkpool
--------+--------------
Fastest | 146.00
Medium  | 121.00
SafeLow | 121.00
--------+--------------
         Etherscan
--------+--------------
Fastest | 168.00
Medium  | 133.00
SafeLow | 121.00

```


Thanks for using [Gas Price Tracker](https://twitter.com/GasRacker)

data sources are

* [ETHGasStation](https://twitter.com/ETHGasStation)
* [Sparkpool](https://twitter.com/sparkpool_io)
* [Etherscan](https://twitter.com/etherscan)
* [CoinGecko](https://twitter.com/coingecko)
* [1 Inch Exchange](https://twitter.com/1inchExchange)

please help fund server / dev

tips to `gastrackerbot.eth`
2020/08/31 08:33:28 could not send Whatsnew to  37262138 Bad Request: can't parse entities: Unsupported start tag "html" at byte offset 0
2020/08/31 08:36:48 Stop sequence initiated...
2020/08/31 08:36:50 Using staging BOT
2020/08/31 08:36:51 gasloop started
2020/08/31 08:36:52 Messageloop started
2020/08/31 08:36:54 could not send Whatsnew to  37262138 Bad Request: can't parse entities: Unsupported start tag "html" at byte offset 0
2020/08/31 08:43:27 Stop sequence initiated...
2020/08/31 08:43:31 Using staging BOT
2020/08/31 08:43:32 gasloop started
2020/08/31 08:43:33 Messageloop started
2020/08/31 08:43:35 could not send Whatsnew to  37262138 Bad Request: can't parse entities: Unsupported start tag "html" at byte offset 0
2020/08/31 08:47:23 Stop sequence initiated...
2020/08/31 08:47:27 Using staging BOT
2020/08/31 08:47:28 gasloop started
2020/08/31 08:47:30 Messageloop started
2020/08/31 08:47:31 could not send Whatsnew to  37262138 Bad Request: can't parse entities: Unsupported start tag "html" at byte offset 0
2020/08/31 08:49:48 Stop sequence initiated...
2020/08/31 08:49:52 Using staging BOT
2020/08/31 08:49:52 gasloop started
2020/08/31 08:49:53 Messageloop started
2020/08/31 08:49:56 could not send Whatsnew to  37262138 Bad Request: can't parse entities: Character '>' is reserved and must be escaped with the preceding '\'
2020/08/31 09:07:30 Stop sequence initiated...
2020/08/31 09:07:35 Using staging BOT
2020/08/31 09:07:36 gasloop started
2020/08/31 09:07:37 Messageloop started
2020/08/31 09:23:32 Stop sequence initiated...
2020/08/31 09:23:38 Using staging BOT
2020/08/31 09:23:38 gasloop started
2020/08/31 09:23:39 Messageloop started
2020/08/31 09:25:06 Stop sequence initiated...
2020/08/31 09:25:10 Using staging BOT
2020/08/31 09:25:11 gasloop started
2020/08/31 09:25:12 Messageloop started
2020/08/31 09:25:19 no update for 0.8
2020/08/31 09:25:35 Stop sequence initiated...
2020/08/31 09:26:14 Using staging BOT
2020/08/31 09:26:15 gasloop started
2020/08/31 09:26:16 Messageloop started
2020/08/31 09:26:17 Stop sequence initiated...
2020/08/31 09:26:36 Using staging BOT
2020/08/31 09:26:36 gasloop started
2020/08/31 09:26:37 Messageloop started
2020/08/31 09:26:43 no update for 0.8%!(EXTRA *os.PathError=open files/NewIn0.80.md: no such file or directory)
2020/08/31 09:27:22 no update for 0.8%!(EXTRA *os.PathError=open files/NewIn0.80.md: no such file or directory)
2020/08/31 09:28:08 Stop sequence initiated...
2020/08/31 09:28:21 Using staging BOT
2020/08/31 09:28:21 gasloop started
2020/08/31 09:28:23 Messageloop started
2020/08/31 09:52:54 Stop sequence initiated...
2020/08/31 09:55:00 Using staging BOT
2020/08/31 09:55:01 gasloop started
2020/08/31 09:55:02 Messageloop started
2020/08/31 09:56:01 Dave Appleton 🤠 DaveAppleton 37262138 /info
2020/08/31 10:22:50 Stop sequence initiated...
2020/08/31 10:22:53 Using staging BOT
2020/08/31 10:22:54 gasloop started
2020/08/31 10:22:55 Messageloop started
2020/08/31 10:27:33 Stop sequence initiated...
2020/08/31 10:27:37 Using staging BOT
2020/08/31 10:27:38 gasloop started
2020/08/31 10:27:39 Messageloop started
2020/08/31 10:31:44 Stop sequence initiated...
2020/08/31 10:31:49 Using staging BOT
2020/08/31 10:31:49 gasloop started
2020/08/31 10:31:50 Messageloop started
2020/08/31 10:32:04 Bad Request: can't parse entities: Character '.' is reserved and must be escaped with the preceding '\'
2020/08/31 10:34:09 Stop sequence initiated...
2020/08/31 10:34:12 Using staging BOT
2020/08/31 10:34:13 gasloop started
2020/08/31 10:34:14 Messageloop started
2020/08/31 10:34:20 Bad Request: can't parse entities: Character '-' is reserved and must be escaped with the preceding '\'
2020/08/31 10:37:00 Stop sequence initiated...
2020/08/31 10:37:04 Using staging BOT
2020/08/31 10:37:05 gasloop started
2020/08/31 10:37:06 Messageloop started
2020/08/31 10:37:37 Stop sequence initiated...
2020/08/31 10:37:42 Using staging BOT
2020/08/31 10:37:42 gasloop started
2020/08/31 10:37:42 Messageloop started
2020/08/31 10:38:20 Dave Appleton 🤠 DaveAppleton 37262138 /level
2020/08/31 10:39:14 Dave Appleton 🤠 DaveAppleton 37262138 /info
2020/08/31 10:40:55 Dave Appleton 🤠 DaveAppleton 37262138 /info
2020/08/31 10:43:14 Dave Appleton 🤠 DaveAppleton 37262138 /info
2020/08/31 10:47:16 Stop sequence initiated...
2020/08/31 10:47:20 Using staging BOT
2020/08/31 10:47:21 gasloop started
2020/08/31 10:47:22 Messageloop started
2020/08/31 10:47:28 Dave Appleton 🤠 DaveAppleton 37262138 /info
2020/08/31 10:48:04 Dave Appleton 🤠 DaveAppleton 37262138 /info
2020/08/31 10:48:20 Dave Appleton 🤠 DaveAppleton 37262138 /info
2020/08/31 10:48:47 Dave Appleton 🤠 DaveAppleton 37262138 /info
2020/08/31 11:08:54 Dave Appleton 🤠 DaveAppleton 37262138 /help
2020/08/31 11:09:46 Stop sequence initiated...
2020/08/31 11:09:49 Using staging BOT
2020/08/31 11:09:50 gasloop started
2020/08/31 11:09:51 Messageloop started
2020/08/31 11:10:20 Dave Appleton 🤠 DaveAppleton 37262138 /level
2020/08/31 11:13:02 Stop sequence initiated...
2020/08/31 11:13:05 Using staging BOT
2020/08/31 11:13:06 gasloop started
2020/08/31 11:13:07 Messageloop started
2020/08/31 11:13:29 Dave Appleton 🤠 DaveAppleton 37262138 /level
2020/08/31 11:15:26 Dave Appleton 🤠 DaveAppleton 37262138 /level
2020/08/31 11:16:01 Dave Appleton 🤠 DaveAppleton 37262138 /level
2020/08/31 11:16:51 Dave Appleton 🤠 DaveAppleton 37262138 /level
2020/08/31 11:44:24 Stop sequence initiated...
2020/08/31 11:44:28 Using staging BOT
2020/08/31 11:44:28 gasloop started
2020/08/31 11:44:29 Messageloop started
2020/08/31 11:45:01 level number  g67
2020/08/31 11:45:24 level number  p.7
2020/08/31 11:45:47 Bad Request: can't parse entities: Can't find end of the entity starting at byte offset 60
2020/08/31 11:46:47 reading sources.md  open files/level_off.md: no such file or directory
2020/08/31 11:46:47 reading sources.md  open files/level_off.md: no such file or directory
2020/08/31 12:11:35 Stop sequence initiated...
2020/08/31 21:29:32 Using staging BOT
2020/08/31 21:29:33 gasloop started
2020/08/31 21:29:34 Messageloop started
2020/08/31 21:30:18 Stop sequence initiated...
2020/09/13 22:55:01 Using staging BOT
2020/09/13 22:55:04 gasloop started
2020/09/13 22:55:04 Messageloop started
2020/09/13 22:55:08 1 users want info, 1 pass, 0 fail
2020/09/13 22:55:49 Stop sequence initiated...
2020/09/28 07:20:33 Using staging BOT
2020/09/28 07:20:34 gasloop started
2020/09/28 07:20:35 Messageloop started
2020/09/28 07:20:36 error saving data dial tcp [::1]:5432: connect: connection refused
2020/09/28 07:20:36 error getting Users dial tcp [::1]:5432: connect: connection refused
2020/09/28 07:20:36 All usersBelowVersion dial tcp [::1]:5432: connect: connection refused
2020/09/28 07:21:18 Dave Appleton 🤠 DaveAppleton 37262138 dial tcp [::1]:5432: connect: connection refused
2020/09/28 07:21:31 Dave Appleton 🤠 DaveAppleton 37262138 dial tcp [::1]:5432: connect: connection refused
2020/09/28 07:21:31 dial tcp [::1]:5432: connect: connection refused
2020/09/28 07:21:31 daily chart  dial tcp [::1]:5432: connect: connection refused
2020/09/28 07:21:44 Using staging BOT
2020/09/28 07:21:45 gasloop started
2020/09/28 07:21:45 Messageloop started
2020/09/28 07:21:46 error saving data dial tcp [::1]:5432: connect: connection refused
2020/09/28 07:21:46 error getting Users dial tcp [::1]:5432: connect: connection refused
2020/09/28 07:21:46 All usersBelowVersion dial tcp [::1]:5432: connect: connection refused
2020/09/28 07:29:46 Dave Appleton 🤠 DaveAppleton 37262138 dial tcp [::1]:5432: connect: connection refused
2020/09/28 07:29:46 dial tcp [::1]:5432: connect: connection refused
2020/09/28 07:29:46 daily chart  dial tcp [::1]:5432: connect: connection refused
2020/09/28 07:30:09 Using staging BOT
2020/09/28 07:30:10 gasloop started
2020/09/28 07:30:11 Messageloop started
2020/09/28 07:30:13 1 users want info, 1 pass, 0 fail
2020/09/28 07:30:29 Stop sequence initiated...
2020/09/28 07:30:32 Using staging BOT
2020/09/28 07:30:33 gasloop started
2020/09/28 07:30:33 Messageloop started
2020/09/28 07:30:36 1 users want info, 1 pass, 0 fail
2020/09/28 07:34:07 Stop sequence initiated...
2020/09/28 07:34:11 Using staging BOT
2020/09/28 07:34:13 gasloop started
2020/09/28 07:34:13 Messageloop started
2020/09/28 07:34:16 1 users want info, 1 pass, 0 fail
2020/09/28 07:39:07 Stop sequence initiated...
2020/09/28 07:39:11 Using staging BOT
2020/09/28 07:39:12 gasloop started
2020/09/28 07:39:13 Messageloop started
2020/09/28 07:39:15 1 users want info, 1 pass, 0 fail
2020/09/28 07:39:22 4 data points, max low = 45
2020/09/28 07:40:51 Stop sequence initiated...
2020/09/28 07:40:55 Using staging BOT
2020/09/28 07:40:56 gasloop started
2020/09/28 07:40:57 Messageloop started
2020/09/28 07:40:59 1 users want info, 1 pass, 0 fail
2020/09/28 07:41:01 5 data points, max low = 45
2020/09/28 07:41:21 Stop sequence initiated...
2020/09/28 07:42:48 Using staging BOT
2020/09/28 07:42:49 gasloop started
2020/09/28 07:42:50 Messageloop started
2020/09/28 07:42:53 1 users want info, 1 pass, 0 fail
2020/09/28 07:42:56 6 data points, max low = 45
2020/09/28 07:42:56 -9.223372036854776e+18 180 -9.223372036854776e+18 180
2020/09/28 07:42:56 -9.223372036854776e+18 180 -9.223372036854776e+18 180
2020/09/28 07:42:56 -9.223372036854776e+18 180 -9.223372036854776e+18 180
2020/09/28 07:42:56 -9.223372036854776e+18 180 -9.223372036854776e+18 180
2020/09/28 07:42:56 -9.223372036854776e+18 180 -9.223372036854776e+18 198
2020/09/28 07:44:28 6 data points, max low = 45
2020/09/28 07:44:28 -9.223372036854776e+18 180 -9.223372036854776e+18 180
2020/09/28 07:44:28 -9.223372036854776e+18 180 -9.223372036854776e+18 180
2020/09/28 07:44:28 -9.223372036854776e+18 180 -9.223372036854776e+18 180
2020/09/28 07:44:28 -9.223372036854776e+18 180 -9.223372036854776e+18 180
2020/09/28 07:44:28 -9.223372036854776e+18 180 -9.223372036854776e+18 198
2020/09/28 07:52:05 Stop sequence initiated...
2020/09/28 07:52:09 Using staging BOT
2020/09/28 07:52:10 gasloop started
2020/09/28 07:52:12 Messageloop started
2020/09/28 07:52:13 1 users want info, 1 pass, 0 fail
2020/09/28 07:52:20 7 data points, max low = 45
2020/09/28 07:52:20 MaxY 1030 scale +Inf
2020/09/28 07:52:20 -9.223372036854776e+18 180 -9.223372036854776e+18 180
2020/09/28 07:52:20 -9.223372036854776e+18 180 -9.223372036854776e+18 180
2020/09/28 07:52:20 -9.223372036854776e+18 180 -9.223372036854776e+18 180
2020/09/28 07:52:20 -9.223372036854776e+18 180 -9.223372036854776e+18 180
2020/09/28 07:52:20 -9.223372036854776e+18 180 -9.223372036854776e+18 198
2020/09/28 07:52:20 -9.223372036854776e+18 198 -9.223372036854776e+18 198
2020/09/28 07:55:37 Stop sequence initiated...
2020/09/28 07:55:40 Using staging BOT
2020/09/28 07:55:41 gasloop started
2020/09/28 07:55:42 Messageloop started
2020/09/28 07:55:45 1 users want info, 1 pass, 0 fail
2020/09/28 07:55:48 8 data points, max low = 45
2020/09/28 07:55:48 MaxY 1030 scale 944
2020/09/28 07:55:48 40 180 40 180
2020/09/28 07:55:48 40 180 40 180
2020/09/28 07:55:48 40 180 40 180
2020/09/28 07:55:48 40 180 40 180
2020/09/28 07:55:48 40 180 40 198
2020/09/28 07:55:48 40 198 40 198
2020/09/28 07:55:48 40 198 40 198
2020/09/28 08:03:03 Stop sequence initiated...
2020/09/28 08:03:07 Using staging BOT
2020/09/28 08:03:08 gasloop started
2020/09/28 08:03:08 Messageloop started
2020/09/28 08:03:11 1 users want info, 1 pass, 0 fail
2020/09/28 08:03:15 9 data points, max low = 45
2020/09/28 08:03:15 MaxY 1030 scale 8.622815751253688e-05
2020/09/28 08:03:15 40 180 40 180
2020/09/28 08:03:15 40 180 40 180
2020/09/28 08:03:15 40 180 40 180
2020/09/28 08:03:15 40 180 40 180
2020/09/28 08:03:15 40 180 40 198
2020/09/28 08:03:15 40 198 40 198
2020/09/28 08:03:15 40 198 40 198
2020/09/28 08:03:15 40 198 984 198
2020/09/28 08:04:51 Stop sequence initiated...
2020/09/28 08:04:55 Using staging BOT
2020/09/28 08:04:56 gasloop started
2020/09/28 08:04:57 Messageloop started
2020/09/28 08:05:00 1 users want info, 1 pass, 0 fail
2020/09/28 08:05:07 40 180 40 180
2020/09/28 08:05:07 40 180 40 180
2020/09/28 08:05:07 40 180 40 180
2020/09/28 08:05:07 40 180 40 180
2020/09/28 08:05:07 40 180 40 198
2020/09/28 08:05:07 40 198 40 198
2020/09/28 08:05:07 40 198 40 198
2020/09/28 08:05:07 40 198 983 198
2020/09/28 08:05:07 983 198 983 198
2020/09/28 09:05:03 1 users want info, 1 pass, 0 fail
2020/09/28 09:05:53 40 180 40 180
2020/09/28 09:05:53 40 180 40 180
2020/09/28 09:05:53 40 180 40 180
2020/09/28 09:05:53 40 180 40 180
2020/09/28 09:05:53 40 180 40 198
2020/09/28 09:05:53 40 198 40 198
2020/09/28 09:05:53 40 198 40 198
2020/09/28 09:05:53 40 198 983 198
2020/09/28 09:05:53 983 198 983 198
2020/09/28 09:05:53 983 198 984 198
2020/09/28 10:05:06 1 users want info, 1 pass, 0 fail
2020/09/28 11:05:08 1 users want info, 1 pass, 0 fail
2020/09/28 12:05:10 1 users want info, 1 pass, 0 fail
2020/09/28 13:05:13 1 users want info, 1 pass, 0 fail
2020/09/28 14:05:16 1 users want info, 1 pass, 0 fail
2020/09/28 15:05:18 1 users want info, 1 pass, 0 fail
2020/09/28 16:05:20 1 users want info, 1 pass, 0 fail
2020/09/28 17:05:23 1 users want info, 1 pass, 0 fail
2020/09/28 18:05:25 1 users want info, 1 pass, 0 fail
2020/09/28 19:05:27 1 users want info, 1 pass, 0 fail
2020/09/28 20:05:30 1 users want info, 1 pass, 0 fail
2020/09/28 21:05:33 1 users want info, 1 pass, 0 fail
2020/09/28 21:15:30 40 1440 40 1440
2020/09/28 21:15:30 40 1440 40 1440
2020/09/28 21:15:30 40 1440 40 1440
2020/09/28 21:15:30 40 1440 40 1440
2020/09/28 21:15:30 40 1440 40 1458
2020/09/28 21:15:30 40 1458 40 1458
2020/09/28 21:15:30 40 1458 40 1458
2020/09/28 21:15:30 40 1458 983 1458
2020/09/28 21:15:30 983 1458 983 1458
2020/09/28 21:15:30 983 1458 983 1458
2020/09/28 21:15:30 983 1458 983 1440
2020/09/28 21:15:30 983 1440 983 1278
2020/09/28 21:15:30 983 1278 983 1152
2020/09/28 21:15:30 983 1152 983 936
2020/09/28 21:15:30 983 936 983 1098
2020/09/28 21:15:30 983 1098 983 1152
2020/09/28 21:15:30 983 1152 983 1044
2020/09/28 21:15:30 983 1044 983 468
2020/09/28 21:15:30 983 468 983 432
2020/09/28 21:15:30 983 432 983 234
2020/09/28 21:15:30 983 234 983 90
2020/09/28 21:15:30 983 90 984 90
2020/09/28 22:05:35 1 users want info, 1 pass, 0 fail
2020/09/28 22:14:07 40 1440 40 1440
2020/09/28 22:14:07 40 1440 40 1440
2020/09/28 22:14:07 40 1440 40 1440
2020/09/28 22:14:07 40 1440 40 1440
2020/09/28 22:14:07 40 1440 40 1458
2020/09/28 22:14:07 40 1458 40 1458
2020/09/28 22:14:07 40 1458 40 1458
2020/09/28 22:14:07 40 1458 983 1458
2020/09/28 22:14:07 983 1458 983 1458
2020/09/28 22:14:07 983 1458 983 1458
2020/09/28 22:14:07 983 1458 983 1440
2020/09/28 22:14:07 983 1440 983 1278
2020/09/28 22:14:07 983 1278 983 1152
2020/09/28 22:14:07 983 1152 983 936
2020/09/28 22:14:07 983 936 983 1098
2020/09/28 22:14:07 983 1098 983 1152
2020/09/28 22:14:07 983 1152 983 1044
2020/09/28 22:14:07 983 1044 983 468
2020/09/28 22:14:07 983 468 983 432
2020/09/28 22:14:07 983 432 983 234
2020/09/28 22:14:07 983 234 983 90
2020/09/28 22:14:07 983 90 983 90
2020/09/28 22:14:07 983 90 984 378
2020/09/28 22:24:37 Stop sequence initiated...
2020/09/29 05:03:39 Using staging BOT
2020/09/29 05:03:40 gasloop started
2020/09/29 05:03:40 Messageloop started
2020/09/29 05:03:44 1 users want info, 1 pass, 0 fail
2020/09/29 05:04:08 Bad Request: can't parse entities: Can't find end of the entity starting at byte offset 60
2020/09/29 05:04:27 Dave Appleton 🤠 DaveAppleton 37262138 /level
2020/09/29 05:07:55 Bad Request: can't parse entities: Can't find end of the entity starting at byte offset 60
2020/09/29 05:11:50 Dave Appleton 🤠 DaveAppleton 37262138 /alert
2020/09/29 05:26:25 Stop sequence initiated...
2020/09/29 05:26:29 Using staging BOT
2020/09/29 05:26:30 gasloop started
2020/09/29 05:26:31 Messageloop started
2020/09/29 05:26:34 1 users want info, 1 pass, 0 fail
2020/09/29 05:26:40 level number  0
2020/09/29 05:37:49 Stop sequence initiated...
2020/09/29 05:37:53 Using staging BOT
2020/09/29 05:37:54 gasloop started
2020/09/29 05:37:55 Messageloop started
2020/09/29 05:37:57 1 users want info, 1 pass, 0 fail
2020/09/29 05:40:54 Stop sequence initiated...
2020/09/29 05:40:59 Using staging BOT
2020/09/29 05:41:00 gasloop started
2020/09/29 05:41:01 Messageloop started
2020/09/29 05:41:03 1 users want info, 1 pass, 0 fail
2020/09/29 06:41:05 1 users want info, 1 pass, 0 fail
2020/09/29 06:55:41 40 1440 40 1440
2020/09/29 06:55:41 40 1440 40 1440
2020/09/29 06:55:41 40 1440 40 1440
2020/09/29 06:55:41 40 1440 40 1440
2020/09/29 06:55:41 40 1440 40 1458
2020/09/29 06:55:41 40 1458 40 1458
2020/09/29 06:55:41 40 1458 40 1458
2020/09/29 06:55:41 40 1458 983 1458
2020/09/29 06:55:41 983 1458 983 1458
2020/09/29 06:55:41 983 1458 983 1458
2020/09/29 06:55:41 983 1458 983 1440
2020/09/29 06:55:41 983 1440 983 1278
2020/09/29 06:55:41 983 1278 983 1152
2020/09/29 06:55:41 983 1152 983 936
2020/09/29 06:55:41 983 936 983 1098
2020/09/29 06:55:41 983 1098 983 1152
2020/09/29 06:55:41 983 1152 983 1044
2020/09/29 06:55:41 983 1044 983 468
2020/09/29 06:55:41 983 468 983 432
2020/09/29 06:55:41 983 432 983 234
2020/09/29 06:55:41 983 234 983 90
2020/09/29 06:55:41 983 90 983 90
2020/09/29 06:55:41 983 90 983 378
2020/09/29 06:55:41 983 378 983 1008
2020/09/29 06:55:41 983 1008 983 1188
2020/09/29 06:55:41 983 1188 983 1044
2020/09/29 06:55:41 983 1044 983 1008
2020/09/29 06:55:41 983 1008 984 738
2020/09/29 07:10:42 Stop sequence initiated...
2020/09/29 07:10:46 Using staging BOT
2020/09/29 07:10:47 gasloop started
2020/09/29 07:10:49 Messageloop started
2020/09/29 07:10:49 0 users want info, 0 pass, 0 fail
2020/09/29 07:14:23 Dave Appleton 🤠 DaveAppleton 37262138 /hh
2020/09/29 07:16:15 Stop sequence initiated...
2020/09/29 07:16:48 Using staging BOT
2020/09/29 07:16:49 gasloop started
2020/09/29 07:16:50 Messageloop started
2020/09/29 07:16:51 0 users want info, 0 pass, 0 fail
2020/09/29 07:16:54 Dave Appleton 🤠 DaveAppleton 37262138 jj

2020/09/29 07:18:29 Dave Appleton 🤠 DaveAppleton 37262138 /info
2020/09/29 07:19:55 Stop sequence initiated...
2020/09/29 07:20:00 Using staging BOT
2020/09/29 07:20:01 gasloop started
2020/09/29 07:20:02 Messageloop started
2020/09/29 07:20:03 0 users want info, 0 pass, 0 fail
2020/09/29 07:20:07 User 37262138 exists
2020/09/29 07:20:07 Dave Appleton 🤠 DaveAppleton 37262138 /ju
2020/09/29 07:21:32 Stop sequence initiated...
2020/09/29 07:21:36 Using staging BOT
2020/09/29 07:21:37 gasloop started
2020/09/29 07:21:38 Messageloop started
2020/09/29 07:21:39 0 users want info, 0 pass, 0 fail
2020/09/29 07:21:41 User DaveAppleton added 2
2020/09/29 07:21:41 Dave Appleton 🤠 DaveAppleton 37262138 /k
2020/09/29 07:23:15 Stop sequence initiated...
2020/09/29 07:23:38 Using staging BOT
2020/09/29 07:23:39 gasloop started
2020/09/29 07:23:40 Messageloop started
2020/09/29 07:23:43 0 users want info, 0 pass, 0 fail
2020/09/29 07:23:45 User DaveAppleton added 3
2020/09/29 07:23:45 unknown command Dave Appleton 🤠 DaveAppleton 37262138 kk
2020/09/29 07:23:52 User 37262138 exists
2020/09/29 07:28:53 viper changed /Users/daveappleton/Documents/myProjects/gasBot/config.json
2020/09/29 07:29:12 Stop sequence initiated...
2020/09/29 07:29:16 Using staging BOT
2020/09/29 07:29:17 gasloop started
2020/09/29 07:29:18 Messageloop started
2020/09/29 07:29:20 0 users want info, 0 pass, 0 fail
2020/09/29 07:29:21 could not send Whatsnew to  37262138 Bad Request: can't parse entities: Character '(' is reserved and must be escaped with the preceding '\'
2020/09/29 07:30:18 Stop sequence initiated...
2020/09/29 07:30:21 Using staging BOT
2020/09/29 07:30:22 gasloop started
2020/09/29 07:30:23 Messageloop started
2020/09/29 07:30:25 0 users want info, 0 pass, 0 fail
2020/09/29 07:30:26 could not send Whatsnew to  37262138 Bad Request: can't parse entities: Character '>' is reserved and must be escaped with the preceding '\'
2020/09/29 07:31:06 Stop sequence initiated...
2020/09/29 07:31:09 Using staging BOT
2020/09/29 07:31:10 gasloop started
2020/09/29 07:31:10 Messageloop started
2020/09/29 07:31:12 0 users want info, 0 pass, 0 fail
2020/09/29 07:31:13 could not send Whatsnew to  37262138 Bad Request: can't parse entities: Character '.' is reserved and must be escaped with the preceding '\'
2020/09/29 07:32:04 Stop sequence initiated...
2020/09/29 07:32:07 Using staging BOT
2020/09/29 07:32:08 gasloop started
2020/09/29 07:32:09 Messageloop started
2020/09/29 07:32:12 0 users want info, 0 pass, 0 fail
2020/09/29 07:37:28 Stop sequence initiated...
